This is pdfTeX, Version 3.14159265-2.6-1.40.19 (TeX Live 2018) (preloaded format=pdflatex 2018.4.16)  21 OCT 2019 10:35
entering extended mode
 restricted \write18 enabled.
 file:line:error style messages enabled.
 %&-line parsing enabled.
**Report.tex
(./Report.tex
LaTeX2e <2018-04-01> patch level 2
Babel <3.18> and hyphenation patterns for 84 language(s) loaded.
(/usr/local/texlive/2018/texmf-dist/tex/latex/base/article.cls
Document Class: article 2014/09/29 v1.4h Standard LaTeX document class
(/usr/local/texlive/2018/texmf-dist/tex/latex/base/size12.clo
File: size12.clo 2014/09/29 v1.4h Standard LaTeX file (size option)
)
\c@part=\count80
\c@section=\count81
\c@subsection=\count82
\c@subsubsection=\count83
\c@paragraph=\count84
\c@subparagraph=\count85
\c@figure=\count86
\c@table=\count87
\abovecaptionskip=\skip41
\belowcaptionskip=\skip42
\bibindent=\dimen102
)
(/usr/local/texlive/2018/texmf-dist/tex/latex/base/inputenc.sty
Package: inputenc 2018/04/06 v1.3b Input encoding file
\inpenc@prehook=\toks14
\inpenc@posthook=\toks15

(/usr/local/texlive/2018/texmf-dist/tex/latex/ucs/utf8x.def
File: utf8x.def 2004/10/17 UCS: Input encoding UTF-8
))
(/usr/local/texlive/2018/texmf-dist/tex/latex/ucs/ucs.sty
Package: ucs 2013/05/11 v2.2 UCS: Unicode input support

(/usr/local/texlive/2018/texmf-dist/tex/latex/ucs/data/uni-global.def
File: uni-global.def 2013/05/13 UCS: Unicode global data
)
\uc@secondtry=\count88
\uc@combtoks=\toks16
\uc@combtoksb=\toks17
\uc@temptokena=\toks18
)
(/usr/local/texlive/2018/texmf-dist/tex/latex/natbib/natbib.sty
Package: natbib 2010/09/13 8.31b (PWD, AO)
\bibhang=\skip43
\bibsep=\skip44
LaTeX Info: Redefining \cite on input line 694.
\c@NAT@ctr=\count89
) (./Report.aux)
\openout1 = `Report.aux'.

LaTeX Font Info:    Checking defaults for OML/cmm/m/it on input line 8.
LaTeX Font Info:    ... okay on input line 8.
LaTeX Font Info:    Checking defaults for T1/cmr/m/n on input line 8.
LaTeX Font Info:    ... okay on input line 8.
LaTeX Font Info:    Checking defaults for OT1/cmr/m/n on input line 8.
LaTeX Font Info:    ... okay on input line 8.
LaTeX Font Info:    Checking defaults for OMS/cmsy/m/n on input line 8.
LaTeX Font Info:    ... okay on input line 8.
LaTeX Font Info:    Checking defaults for OMX/cmex/m/n on input line 8.
LaTeX Font Info:    ... okay on input line 8.
LaTeX Font Info:    Checking defaults for U/cmr/m/n on input line 8.
LaTeX Font Info:    ... okay on input line 8.
(/usr/local/texlive/2018/texmf-dist/tex/latex/ucs/ucsencs.def
File: ucsencs.def 2011/01/21 Fixes to fontencodings LGR, T3
)
LaTeX Font Info:    External font `cmex10' loaded for size
(Font)              <14.4> on input line 9.
LaTeX Font Info:    External font `cmex10' loaded for size
(Font)              <7> on input line 9.


LaTeX Warning: No \author given.

LaTeX Font Info:    Try loading font information for OML+cmr on input line 15.
(/usr/local/texlive/2018/texmf-dist/tex/latex/base/omlcmr.fd
File: omlcmr.fd 2014/09/29 v2.5h Standard LaTeX font definitions
)
LaTeX Font Info:    Font shape `OML/cmr/m/n' in size <12> not available
(Font)              Font shape `OML/cmm/m/it' tried instead on input line 15.
LaTeX Font Info:    External font `cmex10' loaded for size
(Font)              <12> on input line 20.
LaTeX Font Info:    External font `cmex10' loaded for size
(Font)              <8> on input line 20.
LaTeX Font Info:    External font `cmex10' loaded for size
(Font)              <6> on input line 20.


LaTeX Warning: `h' float specifier changed to `ht'.

[1

{/usr/local/texlive/2018/texmf-var/fonts/map/pdftex/updmap/pdftex.map}]
[2]

LaTeX Warning: `h' float specifier changed to `ht'.

[3]
LaTeX Font Info:    Try loading font information for OMS+cmr on input line 87.
 (/usr/local/texlive/2018/texmf-dist/tex/latex/base/omscmr.fd
File: omscmr.fd 2014/09/29 v2.5h Standard LaTeX font definitions
)
LaTeX Font Info:    Font shape `OMS/cmr/m/n' in size <12> not available
(Font)              Font shape `OMS/cmsy/m/n' tried instead on input line 87.
 [4]
(./Report.bbl) [5] (./Report.aux) ) 
Here is how much of TeX's memory you used:
 885 strings out of 492649
 12739 string characters out of 6129622
 87777 words of memory out of 5000000
 4812 multiletter control sequences out of 15000+600000
 8848 words of font info for 31 fonts, out of 8000000 for 9000
 1141 hyphenation exceptions out of 8191
 23i,8n,20p,1417b,227s stack positions out of 5000i,500n,10000p,200000b,80000s
</usr/local/texlive/2018/texmf-dist/fonts/ty
pe1/public/amsfonts/cm/cmbx12.pfb></usr/local/texlive/2018/texmf-dist/fonts/typ
e1/public/amsfonts/cm/cmmi12.pfb></usr/local/texlive/2018/texmf-dist/fonts/type
1/public/amsfonts/cm/cmr12.pfb></usr/local/texlive/2018/texmf-dist/fonts/type1/
public/amsfonts/cm/cmr17.pfb></usr/local/texlive/2018/texmf-dist/fonts/type1/pu
blic/amsfonts/cm/cmsy10.pfb></usr/local/texlive/2018/texmf-dist/fonts/type1/pub
lic/amsfonts/cm/cmti12.pfb>
Output written on Report.pdf (5 pages, 80942 bytes).
PDF statistics:
 44 PDF objects out of 1000 (max. 8388607)
 30 compressed objects within 1 object stream
 0 named destinations out of 1000 (max. 500000)
 1 words of extra memory for PDF output out of 10000 (max. 10000000)

